<?xml version="1.0" encoding="UTF-8"?>
<testsuite name="Login Test"
           tests="4"
           failures="0"
           errors="0"
           skipped="0"
           time="25.610">
  <properties />
  
  
            <testcase name="userShouldNavigateToLoginPageSuccessFully" time="0.942" classname="com.nopcommerceweek13.testsuite.LoginPageTest" />
                <testcase name="verifyTheErrorMessageWithInValidCredentials" time="1.149" classname="com.nopcommerceweek13.testsuite.LoginPageTest" />
                <testcase name="verifyThatUserShouldLogInSuccessFullyWithValidCredentials" time="1.447" classname="com.nopcommerceweek13.testsuite.LoginPageTest" />
                <testcase name="VerifyThatUserShouldLogOutSuccessFully" time="22.072" classname="com.nopcommerceweek13.testsuite.LoginPageTest" />
      
</testsuite>
